2025-09-21 16:13:40,400 - INFO - Starting training run: 20250921_161340
2025-09-21 16:13:40,400 - INFO - Model: logistic
2025-09-21 16:13:40,400 - INFO - Max features: 20000
2025-09-21 16:13:40,400 - INFO - N-gram range: (1, 2)
2025-09-21 16:13:40,400 - INFO - Loading dataset...
2025-09-21 16:13:42,623 - INFO - Train samples: 33759
2025-09-21 16:13:42,623 - INFO - Test samples: 50373
2025-09-21 16:13:42,623 - INFO - Unique labels: 10
2025-09-21 16:13:42,623 - INFO - Labels: ['chinh_tri_xa_hoi', 'doi_song', 'khoa_hoc', 'kinh_doanh', 'phap_luat', 'suc_khoe', 'the_gioi', 'the_thao', 'van_hoa', 'vi_tinh']...
2025-09-21 16:13:42,623 - INFO - Selected classifier: LogisticRegression
2025-09-21 16:13:42,623 - INFO - ============================================================
2025-09-21 16:13:42,623 - INFO - Training: UTS-C1_feat20k_ngram1-2_LogisticRegression
2025-09-21 16:13:42,623 - INFO - ============================================================
2025-09-21 16:13:42,623 - INFO - Creating pipeline with max_features=20000, ngram_range=(1, 2), classifier=LogisticRegression
2025-09-21 16:13:42,972 - INFO - Training data hash: 7421f92b
2025-09-21 16:13:42,972 - INFO - Loading cached vectorizer and TF-IDF transformer...
2025-09-21 16:13:42,999 - INFO - Cached components loaded successfully!
2025-09-21 16:13:42,999 - INFO - Training model...
2025-09-21 16:14:10,178 - INFO - Training completed in 27.18 seconds
2025-09-21 16:14:10,178 - INFO - Evaluating on training set...
2025-09-21 16:14:22,300 - INFO - Training accuracy: 0.9539
2025-09-21 16:14:22,300 - INFO - Evaluating on test set...
2025-09-21 16:14:41,643 - INFO - Test accuracy: 0.9233
2025-09-21 16:14:41,643 - INFO - Prediction time: 19.34 seconds
2025-09-21 16:14:41,643 - INFO - Classification Report (all classes):
2025-09-21 16:14:41,938 - INFO -                   precision    recall  f1-score   support

chinh_tri_xa_hoi       0.86      0.93      0.89      7567
        doi_song       0.81      0.71      0.76      2036
        khoa_hoc       0.88      0.79      0.83      2096
      kinh_doanh       0.94      0.88      0.91      5276
       phap_luat       0.92      0.92      0.92      3788
        suc_khoe       0.93      0.95      0.94      5417
        the_gioi       0.95      0.93      0.94      6716
        the_thao       0.98      0.98      0.98      6667
         van_hoa       0.93      0.95      0.94      6250
         vi_tinh       0.94      0.95      0.94      4560

        accuracy                           0.92     50373
       macro avg       0.91      0.90      0.91     50373
    weighted avg       0.92      0.92      0.92     50373

2025-09-21 16:14:42,262 - INFO - Model saved to /Users/anhv/.underthesea/models/UTS-C1_feat20k_ngram1-2_LogisticRegression.pkl
2025-09-21 16:14:42,424 - INFO - Model saved to run directory: runs/20250921_161340/UTS-C1_feat20k_ngram1-2_LogisticRegression.pkl
2025-09-21 16:14:42,566 - INFO - Model saved as main model to /Users/anhv/.underthesea/models/vntc_classifier.pkl
2025-09-21 16:14:42,567 - INFO - Label mapping saved to /Users/anhv/.underthesea/models/label_mapping.txt
2025-09-21 16:14:42,567 - INFO - Run metadata saved to runs/20250921_161340/metadata.json
2025-09-21 16:14:42,567 - INFO - Training run completed: 20250921_161340
