2025-09-22 13:32:13,520 - INFO - Starting training run: 20250922_133213
2025-09-22 13:32:13,520 - INFO - Model: logistic
2025-09-22 13:32:13,520 - INFO - Dataset: uts2017_bank
2025-09-22 13:32:13,520 - INFO - Max features: 20000
2025-09-22 13:32:13,521 - INFO - N-gram range: (1, 2)
2025-09-22 13:32:13,521 - INFO - Loading dataset...
2025-09-22 13:32:13,529 - INFO - Train samples: 1977
2025-09-22 13:32:13,529 - INFO - Test samples: 494
2025-09-22 13:32:13,529 - INFO - Unique labels: 36
2025-09-22 13:32:13,529 - INFO - Labels: ['ACCOUNT#negative', 'CARD#negative', 'CARD#neutral', 'CARD#positive', 'CUSTOMER_SUPPORT#negative', 'CUSTOMER_SUPPORT#neutral', 'CUSTOMER_SUPPORT#positive', 'DISCOUNT#negative', 'DISCOUNT#neutral', 'DISCOUNT#positive']...
2025-09-22 13:32:13,529 - INFO - Selected classifier: LogisticRegression
2025-09-22 13:32:13,529 - INFO - ============================================================
2025-09-22 13:32:13,529 - INFO - Training: UTS-C1-UTS2017_BANK_feat20k_ngram1-2_LogisticRegression
2025-09-22 13:32:13,529 - INFO - ============================================================
2025-09-22 13:32:13,529 - INFO - Creating pipeline with max_features=20000, ngram_range=(1, 2), classifier=LogisticRegression
2025-09-22 13:32:13,530 - INFO - Training data hash: eadef9e9
2025-09-22 13:32:13,530 - INFO - Creating and fitting new vectorizer and TF-IDF transformer...
2025-09-22 13:32:13,530 - INFO - Fitting vectorizer on training data...
2025-09-22 13:32:13,585 - INFO - Fitting TF-IDF transformer...
2025-09-22 13:32:13,585 - INFO - Caching vectorizer and TF-IDF transformer...
2025-09-22 13:32:13,610 - INFO - Components cached successfully!
2025-09-22 13:32:13,610 - INFO - Training model...
2025-09-22 13:32:15,973 - INFO - Training completed in 2.36 seconds
2025-09-22 13:32:15,973 - INFO - Evaluating on training set...
2025-09-22 13:32:16,011 - INFO - Training accuracy: 0.7446
2025-09-22 13:32:16,011 - INFO - Evaluating on test set...
2025-09-22 13:32:16,024 - INFO - Test accuracy: 0.6862
2025-09-22 13:32:16,024 - INFO - Prediction time: 0.01 seconds
2025-09-22 13:32:16,024 - INFO - Classification Report (all classes):
2025-09-22 13:32:16,032 - INFO -                            precision    recall  f1-score   support

            CARD#negative       0.00      0.00      0.00        37
             CARD#neutral       0.00      0.00      0.00         2
            CARD#positive       0.00      0.00      0.00         5
CUSTOMER_SUPPORT#negative       0.65      0.98      0.78       214
 CUSTOMER_SUPPORT#neutral       0.00      0.00      0.00         2
CUSTOMER_SUPPORT#positive       0.83      0.80      0.82       122
        DISCOUNT#negative       0.00      0.00      0.00         2
   INTEREST_RATE#negative       1.00      0.17      0.29         6
INTERNET_BANKING#negative       0.00      0.00      0.00        26
INTERNET_BANKING#positive       0.00      0.00      0.00         6
            LOAN#negative       1.00      1.00      1.00         3
  MONEY_TRANSFER#negative       0.00      0.00      0.00         2
           OTHER#negative       0.00      0.00      0.00         3
            OTHER#neutral       0.00      0.00      0.00         3
           OTHER#positive       0.50      0.17      0.25         6
         PAYMENT#negative       0.00      0.00      0.00         1
         PAYMENT#positive       0.00      0.00      0.00         1
       PROMOTION#negative       0.00      0.00      0.00         1
        PROMOTION#neutral       0.00      0.00      0.00         1
       PROMOTION#positive       1.00      0.14      0.25         7
          SAVING#positive       0.00      0.00      0.00         3
       TRADEMARK#negative       0.00      0.00      0.00         6
       TRADEMARK#positive       0.54      0.71      0.62        35

                 accuracy                           0.69       494
                macro avg       0.24      0.17      0.17       494
             weighted avg       0.56      0.69      0.60       494

2025-09-22 13:32:16,177 - INFO - Model saved to runs/20250922_133213/models/model.pkl
2025-09-22 13:32:16,177 - INFO - Label mapping saved to runs/20250922_133213/models/labels.txt
2025-09-22 13:32:16,178 - INFO - Dataset info saved to runs/20250922_133213/models/dataset_info.json
2025-09-22 13:32:16,178 - INFO - Run metadata saved to runs/20250922_133213/metadata.json
2025-09-22 13:32:16,178 - INFO - Training run completed: 20250922_133213
