2025-09-21 16:36:14,250 - INFO - Starting training run: 20250921_163614
2025-09-21 16:36:14,250 - INFO - Model: logistic
2025-09-21 16:36:14,250 - INFO - Max features: 20000
2025-09-21 16:36:14,250 - INFO - N-gram range: (1, 2)
2025-09-21 16:36:14,250 - INFO - Loading dataset...
2025-09-21 16:36:16,543 - INFO - Train samples: 33759
2025-09-21 16:36:16,543 - INFO - Test samples: 50373
2025-09-21 16:36:16,543 - INFO - Unique labels: 10
2025-09-21 16:36:16,543 - INFO - Labels: ['chinh_tri_xa_hoi', 'doi_song', 'khoa_hoc', 'kinh_doanh', 'phap_luat', 'suc_khoe', 'the_gioi', 'the_thao', 'van_hoa', 'vi_tinh']...
2025-09-21 16:36:16,543 - INFO - Selected classifier: LogisticRegression
2025-09-21 16:36:16,543 - INFO - ============================================================
2025-09-21 16:36:16,543 - INFO - Training: UTS-C1_feat20k_ngram1-2_LogisticRegression
2025-09-21 16:36:16,543 - INFO - ============================================================
2025-09-21 16:36:16,543 - INFO - Creating pipeline with max_features=20000, ngram_range=(1, 2), classifier=LogisticRegression
2025-09-21 16:36:16,888 - INFO - Training data hash: 7421f92b
2025-09-21 16:36:16,888 - INFO - Loading cached vectorizer and TF-IDF transformer...
2025-09-21 16:36:16,922 - INFO - Cached components loaded successfully!
2025-09-21 16:36:16,922 - INFO - Training model...
2025-09-21 16:36:44,023 - INFO - Training completed in 27.10 seconds
2025-09-21 16:36:44,024 - INFO - Evaluating on training set...
2025-09-21 16:36:55,867 - INFO - Training accuracy: 0.9539
2025-09-21 16:36:55,867 - INFO - Evaluating on test set...
2025-09-21 16:37:15,088 - INFO - Test accuracy: 0.9233
2025-09-21 16:37:15,088 - INFO - Prediction time: 19.22 seconds
2025-09-21 16:37:15,089 - INFO - Classification Report (all classes):
2025-09-21 16:37:15,384 - INFO -                   precision    recall  f1-score   support

chinh_tri_xa_hoi       0.86      0.93      0.89      7567
        doi_song       0.81      0.71      0.76      2036
        khoa_hoc       0.88      0.79      0.83      2096
      kinh_doanh       0.94      0.88      0.91      5276
       phap_luat       0.92      0.92      0.92      3788
        suc_khoe       0.93      0.95      0.94      5417
        the_gioi       0.95      0.93      0.94      6716
        the_thao       0.98      0.98      0.98      6667
         van_hoa       0.93      0.95      0.94      6250
         vi_tinh       0.94      0.95      0.94      4560

        accuracy                           0.92     50373
       macro avg       0.91      0.90      0.91     50373
    weighted avg       0.92      0.92      0.92     50373

2025-09-21 16:37:15,680 - INFO - Model saved to runs/20250921_163614/models/UTS-C1_feat20k_ngram1-2_LogisticRegression.pkl
2025-09-21 16:37:15,876 - INFO - Model saved as main model to runs/20250921_163614/models/model.pkl
2025-09-21 16:37:15,877 - INFO - Label mapping saved to runs/20250921_163614/models/labels.txt
2025-09-21 16:37:15,877 - INFO - Run metadata saved to runs/20250921_163614/metadata.json
2025-09-21 16:37:15,877 - INFO - Training run completed: 20250921_163614
