2025-09-23 10:15:04,262 - INFO - Starting training run: 20250923_101504
2025-09-23 10:15:04,262 - INFO - Model: logistic
2025-09-23 10:15:04,262 - INFO - Dataset: undertheseanlp/UTS2017_Bank
2025-09-23 10:15:04,262 - INFO - Max features: 20000
2025-09-23 10:15:04,262 - INFO - N-gram range: (1, 2)
2025-09-23 10:15:04,262 - INFO - Loading dataset...
2025-09-23 10:15:11,092 - INFO - Train samples: 1977
2025-09-23 10:15:11,092 - INFO - Test samples: 494
2025-09-23 10:15:11,092 - INFO - Unique labels: 14
2025-09-23 10:15:11,092 - INFO - Labels: ['ACCOUNT', 'CARD', 'CUSTOMER_SUPPORT', 'DISCOUNT', 'INTEREST_RATE', 'INTERNET_BANKING', 'LOAN', 'MONEY_TRANSFER', 'OTHER', 'PAYMENT']...
2025-09-23 10:15:11,093 - INFO - Selected classifier: LogisticRegression
2025-09-23 10:15:11,093 - INFO - ============================================================
2025-09-23 10:15:11,093 - INFO - Training: UTS-C1-UNDERTHESEANLP/UTS2017_BANK_feat20k_ngram1-2_LogisticRegression
2025-09-23 10:15:11,093 - INFO - ============================================================
2025-09-23 10:15:11,093 - INFO - Creating pipeline with max_features=20000, ngram_range=(1, 2), classifier=LogisticRegression
2025-09-23 10:15:11,105 - INFO - Training data hash: 2daff7c3
2025-09-23 10:15:11,106 - INFO - Creating and fitting new vectorizer and TF-IDF transformer...
2025-09-23 10:15:11,106 - INFO - Fitting vectorizer on training data...
2025-09-23 10:15:11,179 - INFO - Fitting TF-IDF transformer...
2025-09-23 10:15:11,179 - INFO - Caching vectorizer and TF-IDF transformer...
