2025-09-23 10:15:27,335 - INFO - Starting training run: 20250923_101527
2025-09-23 10:15:27,335 - INFO - Model: logistic
2025-09-23 10:15:27,335 - INFO - Dataset: undertheseanlp/UTS2017_Bank
2025-09-23 10:15:27,335 - INFO - Max features: 20000
2025-09-23 10:15:27,336 - INFO - N-gram range: (1, 2)
2025-09-23 10:15:27,336 - INFO - Loading dataset...
2025-09-23 10:15:32,090 - INFO - Train samples: 1977
2025-09-23 10:15:32,091 - INFO - Test samples: 494
2025-09-23 10:15:32,091 - INFO - Unique labels: 14
2025-09-23 10:15:32,091 - INFO - Labels: ['ACCOUNT', 'CARD', 'CUSTOMER_SUPPORT', 'DISCOUNT', 'INTEREST_RATE', 'INTERNET_BANKING', 'LOAN', 'MONEY_TRANSFER', 'OTHER', 'PAYMENT']...
2025-09-23 10:15:32,091 - INFO - Selected classifier: LogisticRegression
2025-09-23 10:15:32,091 - INFO - ============================================================
2025-09-23 10:15:32,091 - INFO - Training: UTS-C1-UNDERTHESEANLP/UTS2017_BANK_feat20k_ngram1-2_LogisticRegression
2025-09-23 10:15:32,091 - INFO - ============================================================
2025-09-23 10:15:32,091 - INFO - Creating pipeline with max_features=20000, ngram_range=(1, 2), classifier=LogisticRegression
2025-09-23 10:15:32,107 - INFO - Training data hash: 2daff7c3
2025-09-23 10:15:32,107 - INFO - Creating and fitting new vectorizer and TF-IDF transformer...
2025-09-23 10:15:32,107 - INFO - Fitting vectorizer on training data...
2025-09-23 10:15:32,180 - INFO - Fitting TF-IDF transformer...
2025-09-23 10:15:32,180 - INFO - Caching vectorizer and TF-IDF transformer...
2025-09-23 10:15:32,202 - INFO - Components cached successfully!
2025-09-23 10:15:32,202 - INFO - Training model...
2025-09-23 10:15:32,996 - INFO - Training completed in 0.79 seconds
2025-09-23 10:15:32,997 - INFO - Evaluating on training set...
2025-09-23 10:15:33,072 - INFO - Training accuracy: 0.7734
2025-09-23 10:15:33,072 - INFO - Evaluating on test set...
2025-09-23 10:15:33,097 - INFO - Test accuracy: 0.7166
2025-09-23 10:15:33,097 - INFO - Prediction time: 0.02 seconds
2025-09-23 10:15:33,097 - INFO - Classification Report (all classes):
2025-09-23 10:15:33,119 - INFO -                   precision    recall  f1-score   support

            CARD       1.00      0.02      0.04        44
CUSTOMER_SUPPORT       0.73      0.97      0.83       338
        DISCOUNT       0.00      0.00      0.00         2
   INTEREST_RATE       1.00      0.17      0.29         6
INTERNET_BANKING       0.00      0.00      0.00        32
            LOAN       1.00      0.67      0.80         3
  MONEY_TRANSFER       0.00      0.00      0.00         2
           OTHER       0.33      0.08      0.13        12
         PAYMENT       0.00      0.00      0.00         2
       PROMOTION       1.00      0.11      0.20         9
          SAVING       0.00      0.00      0.00         3
       TRADEMARK       0.54      0.46      0.50        41

        accuracy                           0.72       494
       macro avg       0.47      0.21      0.23       494
    weighted avg       0.68      0.72      0.63       494

2025-09-23 10:15:33,256 - INFO - Model saved to runs/20250923_101527/models/model.pkl
2025-09-23 10:15:33,266 - INFO - Label mapping saved to runs/20250923_101527/models/labels.txt
2025-09-23 10:15:33,266 - INFO - Dataset info saved to runs/20250923_101527/models/dataset_info.json
2025-09-23 10:15:33,267 - INFO - Run metadata saved to runs/20250923_101527/metadata.json
2025-09-23 10:15:33,267 - INFO - Training run completed: 20250923_101527
